<?xml version="1.0" encoding="UTF-8"?>
<TestRun id="e55b8810-ead7-4b08-bb41-05f9ebe12628" name="Coen@COEN01 2012-08-29 18:53:07" runUser="coen01\Coen" xmlns="http://microsoft.com/schemas/VisualStudio/TeamTest/2010">
  <TestSettings name="Local" id="5786f090-59a7-42af-a58c-ae00a1ce97c2">
    <Description>These are default test settings for a local test run.</Description>
    <Deployment userDeploymentRoot="C:\code\bug\TestResults" useDefaultDeploymentRoot="false" enabled="false" runDeploymentRoot="Coen_COEN01 2012-08-29 18_53_07">
      <DeploymentItem filename="C:\code\bug\Bug\bin\Release\Bug.exe" />
    </Deployment>
    <Execution>
      <TestTypeSpecific />
      <AgentRule name="Execution Agents">
      </AgentRule>
    </Execution>
  </TestSettings>
  <Times creation="2012-08-29T18:53:07.0624813+02:00" queuing="2012-08-29T18:53:07.2402845+02:00" start="2012-08-29T18:53:07.2714846+02:00" finish="2012-08-29T18:53:07.5366851+02:00" />
  <ResultSummary outcome="Failed">
    <Counters total="1" executed="1" error="0" failed="1" timeout="0" aborted="0" inconclusive="0" passedButRunAborted="0" notRunnable="0" notExecuted="0" disconnected="0" warning="0" passed="0" completed="0" inProgress="0" pending="0" />
  </ResultSummary>
  <TestDefinitions>
    <UnitTest name="GetTimeFromSecondsTest" storage="c:\code\bug\testproject\bin\release\testproject.dll" id="50daf6a6-2866-3129-4567-2b8164ccbaae">
      <Execution id="1e42c67b-d7e8-4f34-a064-ff48feb5d70b" />
      <TestMethod codeBase="C:/code/bug/TestProject/bin/Release/TestProject.DLL" adapterTypeName="Microsoft.VisualStudio.TestTools.TestTypes.Unit.UnitTestAdapter, Microsoft.VisualStudio.QualityTools.Tips.UnitTest.Adapter, Version=10.0.0.0, Culture=neutral, PublicKeyToken=b03f5f7f11d50a3a" className="TestProject.DateTimeUtilityTest, TestProject, Version=1.0.0.0, Culture=neutral, PublicKeyToken=null" name="GetTimeFromSecondsTest" />
    </UnitTest>
  </TestDefinitions>
  <TestLists>
    <TestList name="Results Not in a List" id="8c84fa94-04c1-424b-9868-57a2d4851a1d" />
    <TestList name="All Loaded Results" id="19431567-8539-422a-85d7-44ee4e166bda" />
  </TestLists>
  <TestEntries>
    <TestEntry testId="50daf6a6-2866-3129-4567-2b8164ccbaae" executionId="1e42c67b-d7e8-4f34-a064-ff48feb5d70b" testListId="8c84fa94-04c1-424b-9868-57a2d4851a1d" />
  </TestEntries>
  <Results>
    <UnitTestResult executionId="1e42c67b-d7e8-4f34-a064-ff48feb5d70b" testId="50daf6a6-2866-3129-4567-2b8164ccbaae" testName="GetTimeFromSecondsTest" computerName="COEN01" duration="00:00:00.0429990" startTime="2012-08-29T18:53:07.2714846+02:00" endTime="2012-08-29T18:53:07.5054850+02:00" testType="13cdc9d9-ddb5-4fa4-a97d-d965ccfc6d4b" outcome="Failed" testListId="8c84fa94-04c1-424b-9868-57a2d4851a1d" relativeResultsDirectory="1e42c67b-d7e8-4f34-a064-ff48feb5d70b">
      <Output>
        <ErrorInfo>
          <Message>Assert.AreEqual failed. Expected:&lt;1 min&gt;. Actual:&lt;1 min &gt;. </Message>
          <StackTrace>   at TestProject.DateTimeUtilityTest.GetTimeFromSecondsTest() in C:\code\bug\TestProject\DateTimeUtilityTest.cs:line 40
</StackTrace>
        </ErrorInfo>
      </Output>
    </UnitTestResult>
  </Results>
</TestRun>