<?xml version="1.0" encoding="UTF-8"?>
<TestRun id="498509d2-4770-42c0-a98c-49f614e0c64a" name="Coen@COEN01 2012-08-29 22:39:33" runUser="coen01\Coen" xmlns="http://microsoft.com/schemas/VisualStudio/TeamTest/2010">
  <TestSettings name="Local" id="5786f090-59a7-42af-a58c-ae00a1ce97c2">
    <Description>These are default test settings for a local test run.</Description>
    <Deployment enabled="false" runDeploymentRoot="Coen_COEN01 2012-08-29 22_39_33">
      <DeploymentItem filename="C:\code\bug\Bug\bin\Release\Bug.exe" />
    </Deployment>
    <Execution>
      <TestTypeSpecific />
      <AgentRule name="Execution Agents">
      </AgentRule>
    </Execution>
  </TestSettings>
  <Times creation="2012-08-29T22:39:33.1627762+02:00" queuing="2012-08-29T22:39:33.9271775+02:00" start="2012-08-29T22:39:33.9739776+02:00" finish="2012-08-29T22:39:52.3078377+02:00" />
  <ResultSummary outcome="Error">
    <Counters total="6" executed="4" passed="3" error="0" failed="0" timeout="0" aborted="1" inconclusive="0" passedButRunAborted="0" notRunnable="0" notExecuted="2" disconnected="0" warning="0" completed="0" inProgress="0" pending="0" />
    <RunInfos>
      <RunInfo computerName="COEN01" outcome="Error" timestamp="2012-08-29T22:39:52.3078377+02:00">
        <Text>Test host process exited unexpectedly.</Text>
      </RunInfo>
    </RunInfos>
  </ResultSummary>
  <TestDefinitions>
    <UnitTest name="ToStringTest" storage="c:\code\bug\testproject\bin\release\testproject.dll" id="89072e21-dbe3-dce0-01c0-57ef9c9b6553">
      <Execution id="f37f603f-675d-45ec-88ad-efcf21e20d29" />
      <TestMethod codeBase="C:/code/bug/TestProject/bin/Release/TestProject.DLL" adapterTypeName="Microsoft.VisualStudio.TestTools.TestTypes.Unit.UnitTestAdapter, Microsoft.VisualStudio.QualityTools.Tips.UnitTest.Adapter, Version=10.0.0.0, Culture=neutral, PublicKeyToken=b03f5f7f11d50a3a" className="TestProject.TimeEntryTest, TestProject, Version=1.0.0.0, Culture=neutral, PublicKeyToken=null" name="ToStringTest" />
    </UnitTest>
    <UnitTest name="TimeEntryConstructorTest" storage="c:\code\bug\testproject\bin\release\testproject.dll" id="b10a3813-a73b-7933-aa5d-6d89f699fdb7">
      <Execution id="ccb2530f-0f63-4a49-895e-a0021acc2038" />
      <TestMethod codeBase="C:/code/bug/TestProject/bin/Release/TestProject.DLL" adapterTypeName="Microsoft.VisualStudio.TestTools.TestTypes.Unit.UnitTestAdapter, Microsoft.VisualStudio.QualityTools.Tips.UnitTest.Adapter, Version=10.0.0.0, Culture=neutral, PublicKeyToken=b03f5f7f11d50a3a" className="TestProject.TimeEntryTest, TestProject, Version=1.0.0.0, Culture=neutral, PublicKeyToken=null" name="TimeEntryConstructorTest" />
    </UnitTest>
    <UnitTest name="GetTimeFromSecondsTest" storage="c:\code\bug\testproject\bin\release\testproject.dll" id="50daf6a6-2866-3129-4567-2b8164ccbaae">
      <Execution id="dbb5972e-ad80-46af-8884-0ef6ecd306de" />
      <TestMethod codeBase="C:/code/bug/TestProject/bin/Release/TestProject.DLL" adapterTypeName="Microsoft.VisualStudio.TestTools.TestTypes.Unit.UnitTestAdapter, Microsoft.VisualStudio.QualityTools.Tips.UnitTest.Adapter, Version=10.0.0.0, Culture=neutral, PublicKeyToken=b03f5f7f11d50a3a" className="TestProject.DateTimeUtilityTest, TestProject, Version=1.0.0.0, Culture=neutral, PublicKeyToken=null" name="GetTimeFromSecondsTest" />
    </UnitTest>
    <UnitTest name="FromStringTest" storage="c:\code\bug\testproject\bin\release\testproject.dll" id="b94d9871-5fa7-b619-0a90-eda633d38570">
      <Execution id="e1c51113-389f-41e2-aa50-dbeb94114fb6" />
      <TestMethod codeBase="C:/code/bug/TestProject/bin/Release/TestProject.DLL" adapterTypeName="Microsoft.VisualStudio.TestTools.TestTypes.Unit.UnitTestAdapter, Microsoft.VisualStudio.QualityTools.Tips.UnitTest.Adapter, Version=10.0.0.0, Culture=neutral, PublicKeyToken=b03f5f7f11d50a3a" className="TestProject.TimeEntryTest, TestProject, Version=1.0.0.0, Culture=neutral, PublicKeyToken=null" name="FromStringTest" />
    </UnitTest>
    <UnitTest name="CurrentRunTimeTest" storage="c:\code\bug\testproject\bin\release\testproject.dll" id="d55516c7-e13e-d4ce-3245-c0444ccd326b">
      <Execution id="0cb92c6c-d442-4106-a1ef-b05685505c30" />
      <TestMethod codeBase="C:/code/bug/TestProject/bin/Release/TestProject.DLL" adapterTypeName="Microsoft.VisualStudio.TestTools.TestTypes.Unit.UnitTestAdapter, Microsoft.VisualStudio.QualityTools.Tips.UnitTest.Adapter, Version=10.0.0.0, Culture=neutral, PublicKeyToken=b03f5f7f11d50a3a" className="TestProject.TimeEntryTest, TestProject, Version=1.0.0.0, Culture=neutral, PublicKeyToken=null" name="CurrentRunTimeTest" />
    </UnitTest>
    <UnitTest name="CreationTimeTest" storage="c:\code\bug\testproject\bin\release\testproject.dll" id="b8b321bc-7028-a1e8-67cd-3a4a3c394883">
      <Execution id="a4062506-2c3c-46a6-ad73-4e2fd6bf5fa1" />
      <TestMethod codeBase="C:/code/bug/TestProject/bin/Release/TestProject.DLL" adapterTypeName="Microsoft.VisualStudio.TestTools.TestTypes.Unit.UnitTestAdapter, Microsoft.VisualStudio.QualityTools.Tips.UnitTest.Adapter, Version=10.0.0.0, Culture=neutral, PublicKeyToken=b03f5f7f11d50a3a" className="TestProject.TimeEntryTest, TestProject, Version=1.0.0.0, Culture=neutral, PublicKeyToken=null" name="CreationTimeTest" />
    </UnitTest>
  </TestDefinitions>
  <TestLists>
    <TestList name="Results Not in a List" id="8c84fa94-04c1-424b-9868-57a2d4851a1d" />
    <TestList name="All Loaded Results" id="19431567-8539-422a-85d7-44ee4e166bda" />
  </TestLists>
  <TestEntries>
    <TestEntry testId="50daf6a6-2866-3129-4567-2b8164ccbaae" executionId="dbb5972e-ad80-46af-8884-0ef6ecd306de" testListId="8c84fa94-04c1-424b-9868-57a2d4851a1d" />
    <TestEntry testId="b10a3813-a73b-7933-aa5d-6d89f699fdb7" executionId="ccb2530f-0f63-4a49-895e-a0021acc2038" testListId="8c84fa94-04c1-424b-9868-57a2d4851a1d" />
    <TestEntry testId="b94d9871-5fa7-b619-0a90-eda633d38570" executionId="e1c51113-389f-41e2-aa50-dbeb94114fb6" testListId="8c84fa94-04c1-424b-9868-57a2d4851a1d" />
    <TestEntry testId="89072e21-dbe3-dce0-01c0-57ef9c9b6553" executionId="f37f603f-675d-45ec-88ad-efcf21e20d29" testListId="8c84fa94-04c1-424b-9868-57a2d4851a1d" />
    <TestEntry testId="b8b321bc-7028-a1e8-67cd-3a4a3c394883" executionId="a4062506-2c3c-46a6-ad73-4e2fd6bf5fa1" testListId="8c84fa94-04c1-424b-9868-57a2d4851a1d" />
    <TestEntry testId="d55516c7-e13e-d4ce-3245-c0444ccd326b" executionId="0cb92c6c-d442-4106-a1ef-b05685505c30" testListId="8c84fa94-04c1-424b-9868-57a2d4851a1d" />
  </TestEntries>
  <Results>
    <UnitTestResult executionId="dbb5972e-ad80-46af-8884-0ef6ecd306de" testId="50daf6a6-2866-3129-4567-2b8164ccbaae" testName="GetTimeFromSecondsTest" computerName="COEN01" duration="00:00:00.0185113" startTime="2012-08-29T22:39:34.0207777+02:00" endTime="2012-08-29T22:39:34.8319791+02:00" testType="13cdc9d9-ddb5-4fa4-a97d-d965ccfc6d4b" outcome="Passed" testListId="8c84fa94-04c1-424b-9868-57a2d4851a1d" relativeResultsDirectory="dbb5972e-ad80-46af-8884-0ef6ecd306de">
    </UnitTestResult>
    <UnitTestResult executionId="ccb2530f-0f63-4a49-895e-a0021acc2038" testId="b10a3813-a73b-7933-aa5d-6d89f699fdb7" testName="TimeEntryConstructorTest" computerName="COEN01" duration="00:00:00.0019989" startTime="2012-08-29T22:39:34.8319791+02:00" endTime="2012-08-29T22:39:34.8475791+02:00" testType="13cdc9d9-ddb5-4fa4-a97d-d965ccfc6d4b" outcome="Passed" testListId="8c84fa94-04c1-424b-9868-57a2d4851a1d" relativeResultsDirectory="ccb2530f-0f63-4a49-895e-a0021acc2038">
    </UnitTestResult>
    <UnitTestResult executionId="e1c51113-389f-41e2-aa50-dbeb94114fb6" testId="b94d9871-5fa7-b619-0a90-eda633d38570" testName="FromStringTest" computerName="COEN01" duration="00:00:00.0006409" startTime="2012-08-29T22:39:34.8475791+02:00" endTime="2012-08-29T22:39:34.8475791+02:00" testType="13cdc9d9-ddb5-4fa4-a97d-d965ccfc6d4b" outcome="Passed" testListId="8c84fa94-04c1-424b-9868-57a2d4851a1d" relativeResultsDirectory="e1c51113-389f-41e2-aa50-dbeb94114fb6">
    </UnitTestResult>
    <UnitTestResult executionId="f37f603f-675d-45ec-88ad-efcf21e20d29" testId="89072e21-dbe3-dce0-01c0-57ef9c9b6553" testName="ToStringTest" computerName="COEN01" duration="00:00:17.4446585" startTime="2012-08-29T22:39:34.8631792+02:00" endTime="2012-08-29T22:39:52.3078377+02:00" testType="13cdc9d9-ddb5-4fa4-a97d-d965ccfc6d4b" outcome="Aborted" testListId="8c84fa94-04c1-424b-9868-57a2d4851a1d" relativeResultsDirectory="f37f603f-675d-45ec-88ad-efcf21e20d29">
    </UnitTestResult>
    <UnitTestResult executionId="a4062506-2c3c-46a6-ad73-4e2fd6bf5fa1" testId="b8b321bc-7028-a1e8-67cd-3a4a3c394883" testName="CreationTimeTest" computerName="COEN01" testType="13cdc9d9-ddb5-4fa4-a97d-d965ccfc6d4b" outcome="NotExecuted" testListId="8c84fa94-04c1-424b-9868-57a2d4851a1d" relativeResultsDirectory="a4062506-2c3c-46a6-ad73-4e2fd6bf5fa1">
    </UnitTestResult>
    <UnitTestResult executionId="0cb92c6c-d442-4106-a1ef-b05685505c30" testId="d55516c7-e13e-d4ce-3245-c0444ccd326b" testName="CurrentRunTimeTest" computerName="COEN01" testType="13cdc9d9-ddb5-4fa4-a97d-d965ccfc6d4b" outcome="NotExecuted" testListId="8c84fa94-04c1-424b-9868-57a2d4851a1d" relativeResultsDirectory="0cb92c6c-d442-4106-a1ef-b05685505c30">
    </UnitTestResult>
  </Results>
</TestRun>