<?xml version="1.0" encoding="UTF-8"?>
<TestRun id="88598b59-488a-46f7-b440-c4fa9ed2805a" name="Coen@COEN01 2012-08-29 18:38:58" runUser="coen01\Coen" xmlns="http://microsoft.com/schemas/VisualStudio/TeamTest/2010">
  <TestSettings name="Local" id="5786f090-59a7-42af-a58c-ae00a1ce97c2">
    <Description>These are default test settings for a local test run.</Description>
    <Deployment enabled="false" runDeploymentRoot="Coen_COEN01 2012-08-29 18_38_58">
      <DeploymentItem filename="C:\code\bug\Bug\bin\Release\Bug.exe" />
    </Deployment>
    <Execution>
      <TestTypeSpecific />
      <AgentRule name="Execution Agents">
      </AgentRule>
    </Execution>
  </TestSettings>
  <Times creation="2012-08-29T18:38:58.1584997+02:00" queuing="2012-08-29T18:38:59.9847030+02:00" start="2012-08-29T18:39:00.1875033+02:00" finish="2012-08-29T18:39:01.1391050+02:00" />
  <ResultSummary outcome="Failed">
    <Counters total="14" executed="14" error="0" failed="3" timeout="0" aborted="0" inconclusive="11" passedButRunAborted="0" notRunnable="0" notExecuted="0" disconnected="0" warning="0" passed="0" completed="0" inProgress="0" pending="0" />
  </ResultSummary>
  <TestDefinitions>
    <UnitTest name="TimeEntryConstructorTest" storage="c:\code\bug\testproject\bin\release\testproject.dll" id="b10a3813-a73b-7933-aa5d-6d89f699fdb7">
      <Execution id="5c45d716-db63-4302-8e18-1fdfb3197ee9" />
      <TestMethod codeBase="C:/code/bug/TestProject/bin/Release/TestProject.DLL" adapterTypeName="Microsoft.VisualStudio.TestTools.TestTypes.Unit.UnitTestAdapter, Microsoft.VisualStudio.QualityTools.Tips.UnitTest.Adapter, Version=10.0.0.0, Culture=neutral, PublicKeyToken=b03f5f7f11d50a3a" className="TestProject.TimeEntryTest, TestProject, Version=1.0.0.0, Culture=neutral, PublicKeyToken=null" name="TimeEntryConstructorTest" />
    </UnitTest>
    <UnitTest name="CreationTimeTest" storage="c:\code\bug\testproject\bin\release\testproject.dll" id="b8b321bc-7028-a1e8-67cd-3a4a3c394883">
      <Execution id="ed00c77d-dde0-4e13-b64a-74554bf59476" />
      <TestMethod codeBase="C:/code/bug/TestProject/bin/Release/TestProject.DLL" adapterTypeName="Microsoft.VisualStudio.TestTools.TestTypes.Unit.UnitTestAdapter, Microsoft.VisualStudio.QualityTools.Tips.UnitTest.Adapter, Version=10.0.0.0, Culture=neutral, PublicKeyToken=b03f5f7f11d50a3a" className="TestProject.TimeEntryTest, TestProject, Version=1.0.0.0, Culture=neutral, PublicKeyToken=null" name="CreationTimeTest" />
    </UnitTest>
    <UnitTest name="GetTimeFromSecondsTest" storage="c:\code\bug\testproject\bin\release\testproject.dll" id="50daf6a6-2866-3129-4567-2b8164ccbaae">
      <Execution id="667d7a30-a2a2-449c-9b65-a09e74e9862d" />
      <TestMethod codeBase="C:/code/bug/TestProject/bin/Release/TestProject.DLL" adapterTypeName="Microsoft.VisualStudio.TestTools.TestTypes.Unit.UnitTestAdapter, Microsoft.VisualStudio.QualityTools.Tips.UnitTest.Adapter, Version=10.0.0.0, Culture=neutral, PublicKeyToken=b03f5f7f11d50a3a" className="TestProject.DateTimeUtilityTest, TestProject, Version=1.0.0.0, Culture=neutral, PublicKeyToken=null" name="GetTimeFromSecondsTest" />
    </UnitTest>
    <UnitTest name="SaveTest" storage="c:\code\bug\testproject\bin\release\testproject.dll" id="e2040fae-2757-28cf-a744-e5a90282effd">
      <Execution id="f67bd620-bbbc-462a-94d8-9347da721228" />
      <TestMethod codeBase="C:/code/bug/TestProject/bin/Release/TestProject.DLL" adapterTypeName="Microsoft.VisualStudio.TestTools.TestTypes.Unit.UnitTestAdapter, Microsoft.VisualStudio.QualityTools.Tips.UnitTest.Adapter, Version=10.0.0.0, Culture=neutral, PublicKeyToken=b03f5f7f11d50a3a" className="TestProject.TimeEntryCollectionTest, TestProject, Version=1.0.0.0, Culture=neutral, PublicKeyToken=null" name="SaveTest" />
    </UnitTest>
    <UnitTest name="FromStringTest" storage="c:\code\bug\testproject\bin\release\testproject.dll" id="b94d9871-5fa7-b619-0a90-eda633d38570">
      <Execution id="458c8345-ea6d-4dbf-bbbd-c2d060be2314" />
      <TestMethod codeBase="C:/code/bug/TestProject/bin/Release/TestProject.DLL" adapterTypeName="Microsoft.VisualStudio.TestTools.TestTypes.Unit.UnitTestAdapter, Microsoft.VisualStudio.QualityTools.Tips.UnitTest.Adapter, Version=10.0.0.0, Culture=neutral, PublicKeyToken=b03f5f7f11d50a3a" className="TestProject.TimeEntryTest, TestProject, Version=1.0.0.0, Culture=neutral, PublicKeyToken=null" name="FromStringTest" />
    </UnitTest>
    <UnitTest name="InsertTest" storage="c:\code\bug\testproject\bin\release\testproject.dll" id="9308e608-94c3-c793-44a0-7e6168cfb45d">
      <Execution id="02f89f48-4bee-4149-bd20-20937f3f8f45" />
      <TestMethod codeBase="C:/code/bug/TestProject/bin/Release/TestProject.DLL" adapterTypeName="Microsoft.VisualStudio.TestTools.TestTypes.Unit.UnitTestAdapter, Microsoft.VisualStudio.QualityTools.Tips.UnitTest.Adapter, Version=10.0.0.0, Culture=neutral, PublicKeyToken=b03f5f7f11d50a3a" className="TestProject.TimeEntryCollectionTest, TestProject, Version=1.0.0.0, Culture=neutral, PublicKeyToken=null" name="InsertTest" />
    </UnitTest>
    <UnitTest name="TextTest" storage="c:\code\bug\testproject\bin\release\testproject.dll" id="3a956414-8c41-044d-bada-5bcd56c67292">
      <Execution id="3cce77bb-280b-4e08-9c83-5b85bc9bd1bd" />
      <TestMethod codeBase="C:/code/bug/TestProject/bin/Release/TestProject.DLL" adapterTypeName="Microsoft.VisualStudio.TestTools.TestTypes.Unit.UnitTestAdapter, Microsoft.VisualStudio.QualityTools.Tips.UnitTest.Adapter, Version=10.0.0.0, Culture=neutral, PublicKeyToken=b03f5f7f11d50a3a" className="TestProject.TimeEntryTest, TestProject, Version=1.0.0.0, Culture=neutral, PublicKeyToken=null" name="TextTest" />
    </UnitTest>
    <UnitTest name="DurationTest" storage="c:\code\bug\testproject\bin\release\testproject.dll" id="d104ea8a-c82f-eb4d-9967-7c519bf715ac">
      <Execution id="eaf7a8b8-c7e0-435e-8842-b23df33d1ea7" />
      <TestMethod codeBase="C:/code/bug/TestProject/bin/Release/TestProject.DLL" adapterTypeName="Microsoft.VisualStudio.TestTools.TestTypes.Unit.UnitTestAdapter, Microsoft.VisualStudio.QualityTools.Tips.UnitTest.Adapter, Version=10.0.0.0, Culture=neutral, PublicKeyToken=b03f5f7f11d50a3a" className="TestProject.TimeEntryTest, TestProject, Version=1.0.0.0, Culture=neutral, PublicKeyToken=null" name="DurationTest" />
    </UnitTest>
    <UnitTest name="ReferenceTest" storage="c:\code\bug\testproject\bin\release\testproject.dll" id="8cc36179-a543-ae78-f3ac-efa352047498">
      <Execution id="6c00c794-6010-45ce-ab7f-3423032624c3" />
      <TestMethod codeBase="C:/code/bug/TestProject/bin/Release/TestProject.DLL" adapterTypeName="Microsoft.VisualStudio.TestTools.TestTypes.Unit.UnitTestAdapter, Microsoft.VisualStudio.QualityTools.Tips.UnitTest.Adapter, Version=10.0.0.0, Culture=neutral, PublicKeyToken=b03f5f7f11d50a3a" className="TestProject.TimeEntryTest, TestProject, Version=1.0.0.0, Culture=neutral, PublicKeyToken=null" name="ReferenceTest" />
    </UnitTest>
    <UnitTest name="ElapsedTest" storage="c:\code\bug\testproject\bin\release\testproject.dll" id="5720f8dc-750d-0e29-bd84-a77187989a98">
      <Execution id="3a84cd4f-ed6f-4eb6-a0f0-83069334a829" />
      <TestMethod codeBase="C:/code/bug/TestProject/bin/Release/TestProject.DLL" adapterTypeName="Microsoft.VisualStudio.TestTools.TestTypes.Unit.UnitTestAdapter, Microsoft.VisualStudio.QualityTools.Tips.UnitTest.Adapter, Version=10.0.0.0, Culture=neutral, PublicKeyToken=b03f5f7f11d50a3a" className="TestProject.TimeEntryTest, TestProject, Version=1.0.0.0, Culture=neutral, PublicKeyToken=null" name="ElapsedTest" />
    </UnitTest>
    <UnitTest name="TimeEntryCollectionConstructorTest" storage="c:\code\bug\testproject\bin\release\testproject.dll" id="2d368439-f824-7d72-7611-116709ee3ce5">
      <Execution id="aacd2832-5042-4f35-8a23-afaa7d0ca1a3" />
      <TestMethod codeBase="C:/code/bug/TestProject/bin/Release/TestProject.DLL" adapterTypeName="Microsoft.VisualStudio.TestTools.TestTypes.Unit.UnitTestAdapter, Microsoft.VisualStudio.QualityTools.Tips.UnitTest.Adapter, Version=10.0.0.0, Culture=neutral, PublicKeyToken=b03f5f7f11d50a3a" className="TestProject.TimeEntryCollectionTest, TestProject, Version=1.0.0.0, Culture=neutral, PublicKeyToken=null" name="TimeEntryCollectionConstructorTest" />
    </UnitTest>
    <UnitTest name="ElapsedTest" storage="c:\code\bug\testproject\bin\release\testproject.dll" id="3d0575c4-3d01-08f0-a054-4f33c83d168d">
      <Execution id="56e7fd91-a964-4c26-a714-7c80aa4861a3" />
      <TestMethod codeBase="C:/code/bug/TestProject/bin/Release/TestProject.DLL" adapterTypeName="Microsoft.VisualStudio.TestTools.TestTypes.Unit.UnitTestAdapter, Microsoft.VisualStudio.QualityTools.Tips.UnitTest.Adapter, Version=10.0.0.0, Culture=neutral, PublicKeyToken=b03f5f7f11d50a3a" className="TestProject.TimeEntryCollectionTest, TestProject, Version=1.0.0.0, Culture=neutral, PublicKeyToken=null" name="ElapsedTest" />
    </UnitTest>
    <UnitTest name="ToStringTest" storage="c:\code\bug\testproject\bin\release\testproject.dll" id="89072e21-dbe3-dce0-01c0-57ef9c9b6553">
      <Execution id="73649045-fbf7-411c-9241-a84597fb4674" />
      <TestMethod codeBase="C:/code/bug/TestProject/bin/Release/TestProject.DLL" adapterTypeName="Microsoft.VisualStudio.TestTools.TestTypes.Unit.UnitTestAdapter, Microsoft.VisualStudio.QualityTools.Tips.UnitTest.Adapter, Version=10.0.0.0, Culture=neutral, PublicKeyToken=b03f5f7f11d50a3a" className="TestProject.TimeEntryTest, TestProject, Version=1.0.0.0, Culture=neutral, PublicKeyToken=null" name="ToStringTest" />
    </UnitTest>
    <UnitTest name="CurrentRunTimeTest" storage="c:\code\bug\testproject\bin\release\testproject.dll" id="d55516c7-e13e-d4ce-3245-c0444ccd326b">
      <Execution id="e3b868a7-1032-4294-872a-06d97760cc2e" />
      <TestMethod codeBase="C:/code/bug/TestProject/bin/Release/TestProject.DLL" adapterTypeName="Microsoft.VisualStudio.TestTools.TestTypes.Unit.UnitTestAdapter, Microsoft.VisualStudio.QualityTools.Tips.UnitTest.Adapter, Version=10.0.0.0, Culture=neutral, PublicKeyToken=b03f5f7f11d50a3a" className="TestProject.TimeEntryTest, TestProject, Version=1.0.0.0, Culture=neutral, PublicKeyToken=null" name="CurrentRunTimeTest" />
    </UnitTest>
  </TestDefinitions>
  <TestLists>
    <TestList name="Results Not in a List" id="8c84fa94-04c1-424b-9868-57a2d4851a1d" />
    <TestList name="All Loaded Results" id="19431567-8539-422a-85d7-44ee4e166bda" />
  </TestLists>
  <TestEntries>
    <TestEntry testId="2d368439-f824-7d72-7611-116709ee3ce5" executionId="aacd2832-5042-4f35-8a23-afaa7d0ca1a3" testListId="8c84fa94-04c1-424b-9868-57a2d4851a1d" />
    <TestEntry testId="3a956414-8c41-044d-bada-5bcd56c67292" executionId="3cce77bb-280b-4e08-9c83-5b85bc9bd1bd" testListId="8c84fa94-04c1-424b-9868-57a2d4851a1d" />
    <TestEntry testId="3d0575c4-3d01-08f0-a054-4f33c83d168d" executionId="56e7fd91-a964-4c26-a714-7c80aa4861a3" testListId="8c84fa94-04c1-424b-9868-57a2d4851a1d" />
    <TestEntry testId="50daf6a6-2866-3129-4567-2b8164ccbaae" executionId="667d7a30-a2a2-449c-9b65-a09e74e9862d" testListId="8c84fa94-04c1-424b-9868-57a2d4851a1d" />
    <TestEntry testId="5720f8dc-750d-0e29-bd84-a77187989a98" executionId="3a84cd4f-ed6f-4eb6-a0f0-83069334a829" testListId="8c84fa94-04c1-424b-9868-57a2d4851a1d" />
    <TestEntry testId="89072e21-dbe3-dce0-01c0-57ef9c9b6553" executionId="73649045-fbf7-411c-9241-a84597fb4674" testListId="8c84fa94-04c1-424b-9868-57a2d4851a1d" />
    <TestEntry testId="8cc36179-a543-ae78-f3ac-efa352047498" executionId="6c00c794-6010-45ce-ab7f-3423032624c3" testListId="8c84fa94-04c1-424b-9868-57a2d4851a1d" />
    <TestEntry testId="9308e608-94c3-c793-44a0-7e6168cfb45d" executionId="02f89f48-4bee-4149-bd20-20937f3f8f45" testListId="8c84fa94-04c1-424b-9868-57a2d4851a1d" />
    <TestEntry testId="b10a3813-a73b-7933-aa5d-6d89f699fdb7" executionId="5c45d716-db63-4302-8e18-1fdfb3197ee9" testListId="8c84fa94-04c1-424b-9868-57a2d4851a1d" />
    <TestEntry testId="b8b321bc-7028-a1e8-67cd-3a4a3c394883" executionId="ed00c77d-dde0-4e13-b64a-74554bf59476" testListId="8c84fa94-04c1-424b-9868-57a2d4851a1d" />
    <TestEntry testId="b94d9871-5fa7-b619-0a90-eda633d38570" executionId="458c8345-ea6d-4dbf-bbbd-c2d060be2314" testListId="8c84fa94-04c1-424b-9868-57a2d4851a1d" />
    <TestEntry testId="d104ea8a-c82f-eb4d-9967-7c519bf715ac" executionId="eaf7a8b8-c7e0-435e-8842-b23df33d1ea7" testListId="8c84fa94-04c1-424b-9868-57a2d4851a1d" />
    <TestEntry testId="d55516c7-e13e-d4ce-3245-c0444ccd326b" executionId="e3b868a7-1032-4294-872a-06d97760cc2e" testListId="8c84fa94-04c1-424b-9868-57a2d4851a1d" />
    <TestEntry testId="e2040fae-2757-28cf-a744-e5a90282effd" executionId="f67bd620-bbbc-462a-94d8-9347da721228" testListId="8c84fa94-04c1-424b-9868-57a2d4851a1d" />
  </TestEntries>
  <Results>
    <UnitTestResult executionId="aacd2832-5042-4f35-8a23-afaa7d0ca1a3" testId="2d368439-f824-7d72-7611-116709ee3ce5" testName="TimeEntryCollectionConstructorTest" computerName="COEN01" duration="00:00:00.1671795" startTime="2012-08-29T18:39:00.2655035+02:00" endTime="2012-08-29T18:39:00.8583045+02:00" testType="13cdc9d9-ddb5-4fa4-a97d-d965ccfc6d4b" outcome="Inconclusive" testListId="8c84fa94-04c1-424b-9868-57a2d4851a1d" relativeResultsDirectory="aacd2832-5042-4f35-8a23-afaa7d0ca1a3">
      <Output>
        <ErrorInfo>
          <Message>Assert.Inconclusive failed. TODO: Implement code to verify target</Message>
          <StackTrace>   at TestProject.TimeEntryCollectionTest.TimeEntryCollectionConstructorTest() in C:\code\bug\TestProject\TimeEntryCollectionTest.cs:line 74
</StackTrace>
        </ErrorInfo>
      </Output>
    </UnitTestResult>
    <UnitTestResult executionId="3cce77bb-280b-4e08-9c83-5b85bc9bd1bd" testId="3a956414-8c41-044d-bada-5bcd56c67292" testName="TextTest" computerName="COEN01" duration="00:00:00.0014773" startTime="2012-08-29T18:39:00.8583045+02:00" endTime="2012-08-29T18:39:00.8739045+02:00" testType="13cdc9d9-ddb5-4fa4-a97d-d965ccfc6d4b" outcome="Inconclusive" testListId="8c84fa94-04c1-424b-9868-57a2d4851a1d" relativeResultsDirectory="3cce77bb-280b-4e08-9c83-5b85bc9bd1bd">
      <Output>
        <ErrorInfo>
          <Message>Assert.Inconclusive failed. Verify the correctness of this test method.</Message>
          <StackTrace>   at TestProject.TimeEntryTest.TextTest() in C:\code\bug\TestProject\TimeEntryTest.cs:line 210
</StackTrace>
        </ErrorInfo>
      </Output>
    </UnitTestResult>
    <UnitTestResult executionId="56e7fd91-a964-4c26-a714-7c80aa4861a3" testId="3d0575c4-3d01-08f0-a054-4f33c83d168d" testName="ElapsedTest" computerName="COEN01" duration="00:00:00.0249896" startTime="2012-08-29T18:39:00.8739045+02:00" endTime="2012-08-29T18:39:00.9051046+02:00" testType="13cdc9d9-ddb5-4fa4-a97d-d965ccfc6d4b" outcome="Inconclusive" testListId="8c84fa94-04c1-424b-9868-57a2d4851a1d" relativeResultsDirectory="56e7fd91-a964-4c26-a714-7c80aa4861a3">
      <Output>
        <ErrorInfo>
          <Message>Assert.Inconclusive failed. Verify the correctness of this test method.</Message>
          <StackTrace>   at TestProject.TimeEntryCollectionTest.ElapsedTest() in C:\code\bug\TestProject\TimeEntryCollectionTest.cs:line 109
</StackTrace>
        </ErrorInfo>
      </Output>
    </UnitTestResult>
    <UnitTestResult executionId="667d7a30-a2a2-449c-9b65-a09e74e9862d" testId="50daf6a6-2866-3129-4567-2b8164ccbaae" testName="GetTimeFromSecondsTest" computerName="COEN01" duration="00:00:00.0252152" startTime="2012-08-29T18:39:00.9207046+02:00" endTime="2012-08-29T18:39:00.9519047+02:00" testType="13cdc9d9-ddb5-4fa4-a97d-d965ccfc6d4b" outcome="Failed" testListId="8c84fa94-04c1-424b-9868-57a2d4851a1d" relativeResultsDirectory="667d7a30-a2a2-449c-9b65-a09e74e9862d">
      <Output>
        <ErrorInfo>
          <Message>Assert.AreEqual failed. Expected:&lt;&gt;. Actual:&lt;None&gt;. </Message>
          <StackTrace>   at TestProject.DateTimeUtilityTest.GetTimeFromSecondsTest() in C:\code\bug\TestProject\DateTimeUtilityTest.cs:line 77
</StackTrace>
        </ErrorInfo>
      </Output>
    </UnitTestResult>
    <UnitTestResult executionId="3a84cd4f-ed6f-4eb6-a0f0-83069334a829" testId="5720f8dc-750d-0e29-bd84-a77187989a98" testName="ElapsedTest" computerName="COEN01" duration="00:00:00.0010901" startTime="2012-08-29T18:39:00.9519047+02:00" endTime="2012-08-29T18:39:00.9519047+02:00" testType="13cdc9d9-ddb5-4fa4-a97d-d965ccfc6d4b" outcome="Inconclusive" testListId="8c84fa94-04c1-424b-9868-57a2d4851a1d" relativeResultsDirectory="3a84cd4f-ed6f-4eb6-a0f0-83069334a829">
      <Output>
        <ErrorInfo>
          <Message>Assert.Inconclusive failed. Verify the correctness of this test method.</Message>
          <StackTrace>   at TestProject.TimeEntryTest.ElapsedTest() in C:\code\bug\TestProject\TimeEntryTest.cs:line 174
</StackTrace>
        </ErrorInfo>
      </Output>
    </UnitTestResult>
    <UnitTestResult executionId="73649045-fbf7-411c-9241-a84597fb4674" testId="89072e21-dbe3-dce0-01c0-57ef9c9b6553" testName="ToStringTest" computerName="COEN01" duration="00:00:00.0016552" startTime="2012-08-29T18:39:00.9675047+02:00" endTime="2012-08-29T18:39:00.9675047+02:00" testType="13cdc9d9-ddb5-4fa4-a97d-d965ccfc6d4b" outcome="Failed" testListId="8c84fa94-04c1-424b-9868-57a2d4851a1d" relativeResultsDirectory="73649045-fbf7-411c-9241-a84597fb4674">
      <Output>
        <ErrorInfo>
          <Message>Assert.AreEqual failed. Expected:&lt;&gt;. Actual:&lt;####0&gt;. </Message>
          <StackTrace>   at TestProject.TimeEntryTest.ToStringTest() in C:\code\bug\TestProject\TimeEntryTest.cs:line 107
</StackTrace>
        </ErrorInfo>
      </Output>
    </UnitTestResult>
    <UnitTestResult executionId="6c00c794-6010-45ce-ab7f-3423032624c3" testId="8cc36179-a543-ae78-f3ac-efa352047498" testName="ReferenceTest" computerName="COEN01" duration="00:00:00.0008818" startTime="2012-08-29T18:39:00.9831047+02:00" endTime="2012-08-29T18:39:00.9831047+02:00" testType="13cdc9d9-ddb5-4fa4-a97d-d965ccfc6d4b" outcome="Inconclusive" testListId="8c84fa94-04c1-424b-9868-57a2d4851a1d" relativeResultsDirectory="6c00c794-6010-45ce-ab7f-3423032624c3">
      <Output>
        <ErrorInfo>
          <Message>Assert.Inconclusive failed. Verify the correctness of this test method.</Message>
          <StackTrace>   at TestProject.TimeEntryTest.ReferenceTest() in C:\code\bug\TestProject\TimeEntryTest.cs:line 192
</StackTrace>
        </ErrorInfo>
      </Output>
    </UnitTestResult>
    <UnitTestResult executionId="02f89f48-4bee-4149-bd20-20937f3f8f45" testId="9308e608-94c3-c793-44a0-7e6168cfb45d" testName="InsertTest" computerName="COEN01" duration="00:00:00.0012198" startTime="2012-08-29T18:39:00.9831047+02:00" endTime="2012-08-29T18:39:00.9987048+02:00" testType="13cdc9d9-ddb5-4fa4-a97d-d965ccfc6d4b" outcome="Inconclusive" testListId="8c84fa94-04c1-424b-9868-57a2d4851a1d" relativeResultsDirectory="02f89f48-4bee-4149-bd20-20937f3f8f45">
      <Output>
        <ErrorInfo>
          <Message>Assert.Inconclusive failed. A method that does not return a value cannot be verified.</Message>
          <StackTrace>   at TestProject.TimeEntryCollectionTest.InsertTest() in C:\code\bug\TestProject\TimeEntryCollectionTest.cs:line 86
</StackTrace>
        </ErrorInfo>
      </Output>
    </UnitTestResult>
    <UnitTestResult executionId="5c45d716-db63-4302-8e18-1fdfb3197ee9" testId="b10a3813-a73b-7933-aa5d-6d89f699fdb7" testName="TimeEntryConstructorTest" computerName="COEN01" duration="00:00:00.0014404" startTime="2012-08-29T18:39:00.9987048+02:00" endTime="2012-08-29T18:39:00.9987048+02:00" testType="13cdc9d9-ddb5-4fa4-a97d-d965ccfc6d4b" outcome="Inconclusive" testListId="8c84fa94-04c1-424b-9868-57a2d4851a1d" relativeResultsDirectory="5c45d716-db63-4302-8e18-1fdfb3197ee9">
      <Output>
        <ErrorInfo>
          <Message>Assert.Inconclusive failed. TODO: Implement code to verify target</Message>
          <StackTrace>   at TestProject.TimeEntryTest.TimeEntryConstructorTest() in C:\code\bug\TestProject\TimeEntryTest.cs:line 77
</StackTrace>
        </ErrorInfo>
      </Output>
    </UnitTestResult>
    <UnitTestResult executionId="ed00c77d-dde0-4e13-b64a-74554bf59476" testId="b8b321bc-7028-a1e8-67cd-3a4a3c394883" testName="CreationTimeTest" computerName="COEN01" duration="00:00:00.0016582" startTime="2012-08-29T18:39:00.9987048+02:00" endTime="2012-08-29T18:39:01.0143048+02:00" testType="13cdc9d9-ddb5-4fa4-a97d-d965ccfc6d4b" outcome="Inconclusive" testListId="8c84fa94-04c1-424b-9868-57a2d4851a1d" relativeResultsDirectory="ed00c77d-dde0-4e13-b64a-74554bf59476">
      <Output>
        <ErrorInfo>
          <Message>Assert.Inconclusive failed. Verify the correctness of this test method.</Message>
          <StackTrace>   at TestProject.TimeEntryTest.CreationTimeTest() in C:\code\bug\TestProject\TimeEntryTest.cs:line 126
</StackTrace>
        </ErrorInfo>
      </Output>
    </UnitTestResult>
    <UnitTestResult executionId="458c8345-ea6d-4dbf-bbbd-c2d060be2314" testId="b94d9871-5fa7-b619-0a90-eda633d38570" testName="FromStringTest" computerName="COEN01" duration="00:00:00.0362285" startTime="2012-08-29T18:39:01.0143048+02:00" endTime="2012-08-29T18:39:01.0455048+02:00" testType="13cdc9d9-ddb5-4fa4-a97d-d965ccfc6d4b" outcome="Failed" testListId="8c84fa94-04c1-424b-9868-57a2d4851a1d" relativeResultsDirectory="458c8345-ea6d-4dbf-bbbd-c2d060be2314">
      <Output>
        <ErrorInfo>
          <Message>Test method TestProject.TimeEntryTest.FromStringTest threw exception: 
System.IndexOutOfRangeException: Index was outside the bounds of the array.</Message>
          <StackTrace>    at Bug.Objects.TimeEntry.FromString(String line) in C:\code\bug\Bug\Objects\TimeEntry.cs:line 45
   at TestProject.TimeEntryTest.FromStringTest() in C:\code\bug\TestProject\TimeEntryTest.cs:line 86
</StackTrace>
        </ErrorInfo>
      </Output>
    </UnitTestResult>
    <UnitTestResult executionId="eaf7a8b8-c7e0-435e-8842-b23df33d1ea7" testId="d104ea8a-c82f-eb4d-9967-7c519bf715ac" testName="DurationTest" computerName="COEN01" duration="00:00:00.0014330" startTime="2012-08-29T18:39:01.0611049+02:00" endTime="2012-08-29T18:39:01.0611049+02:00" testType="13cdc9d9-ddb5-4fa4-a97d-d965ccfc6d4b" outcome="Inconclusive" testListId="8c84fa94-04c1-424b-9868-57a2d4851a1d" relativeResultsDirectory="eaf7a8b8-c7e0-435e-8842-b23df33d1ea7">
      <Output>
        <ErrorInfo>
          <Message>Assert.Inconclusive failed. Verify the correctness of this test method.</Message>
          <StackTrace>   at TestProject.TimeEntryTest.DurationTest() in C:\code\bug\TestProject\TimeEntryTest.cs:line 159
</StackTrace>
        </ErrorInfo>
      </Output>
    </UnitTestResult>
    <UnitTestResult executionId="e3b868a7-1032-4294-872a-06d97760cc2e" testId="d55516c7-e13e-d4ce-3245-c0444ccd326b" testName="CurrentRunTimeTest" computerName="COEN01" duration="00:00:00.0009888" startTime="2012-08-29T18:39:01.0611049+02:00" endTime="2012-08-29T18:39:01.0767049+02:00" testType="13cdc9d9-ddb5-4fa4-a97d-d965ccfc6d4b" outcome="Inconclusive" testListId="8c84fa94-04c1-424b-9868-57a2d4851a1d" relativeResultsDirectory="e3b868a7-1032-4294-872a-06d97760cc2e">
      <Output>
        <ErrorInfo>
          <Message>Assert.Inconclusive failed. Verify the correctness of this test method.</Message>
          <StackTrace>   at TestProject.TimeEntryTest.CurrentRunTimeTest() in C:\code\bug\TestProject\TimeEntryTest.cs:line 141
</StackTrace>
        </ErrorInfo>
      </Output>
    </UnitTestResult>
    <UnitTestResult executionId="f67bd620-bbbc-462a-94d8-9347da721228" testId="e2040fae-2757-28cf-a744-e5a90282effd" testName="SaveTest" computerName="COEN01" duration="00:00:00.0042715" startTime="2012-08-29T18:39:01.0767049+02:00" endTime="2012-08-29T18:39:01.0767049+02:00" testType="13cdc9d9-ddb5-4fa4-a97d-d965ccfc6d4b" outcome="Inconclusive" testListId="8c84fa94-04c1-424b-9868-57a2d4851a1d" relativeResultsDirectory="f67bd620-bbbc-462a-94d8-9347da721228">
      <Output>
        <ErrorInfo>
          <Message>Assert.Inconclusive failed. A method that does not return a value cannot be verified.</Message>
          <StackTrace>   at TestProject.TimeEntryCollectionTest.SaveTest() in C:\code\bug\TestProject\TimeEntryCollectionTest.cs:line 97
</StackTrace>
        </ErrorInfo>
      </Output>
    </UnitTestResult>
  </Results>
</TestRun>