<?xml version="1.0" encoding="UTF-8"?>
<TestRun id="bf3577b5-7666-41df-acd9-bc1c2346c5de" name="Coen@COEN01 2012-08-29 18:53:44" runUser="coen01\Coen" xmlns="http://microsoft.com/schemas/VisualStudio/TeamTest/2010">
  <TestSettings name="Local" id="5786f090-59a7-42af-a58c-ae00a1ce97c2">
    <Description>These are default test settings for a local test run.</Description>
    <Deployment enabled="false" runDeploymentRoot="Coen_COEN01 2012-08-29 18_53_44">
      <DeploymentItem filename="C:\code\bug\Bug\bin\Release\Bug.exe" />
    </Deployment>
    <Execution>
      <TestTypeSpecific />
      <AgentRule name="Execution Agents">
      </AgentRule>
    </Execution>
  </TestSettings>
  <Times creation="2012-08-29T18:53:44.1362377+02:00" queuing="2012-08-29T18:53:44.8850390+02:00" start="2012-08-29T18:53:44.9474391+02:00" finish="2012-08-29T18:53:45.8210406+02:00" />
  <ResultSummary outcome="Completed">
    <Counters total="1" executed="1" passed="1" error="0" failed="0" timeout="0" aborted="0" inconclusive="0" passedButRunAborted="0" notRunnable="0" notExecuted="0" disconnected="0" warning="0" completed="0" inProgress="0" pending="0" />
  </ResultSummary>
  <TestDefinitions>
    <UnitTest name="GetTimeFromSecondsTest" storage="c:\code\bug\testproject\bin\release\testproject.dll" id="50daf6a6-2866-3129-4567-2b8164ccbaae">
      <Execution id="3b4be00c-c33f-41b3-b3c5-4cb503527eef" />
      <TestMethod codeBase="C:/code/bug/TestProject/bin/Release/TestProject.DLL" adapterTypeName="Microsoft.VisualStudio.TestTools.TestTypes.Unit.UnitTestAdapter, Microsoft.VisualStudio.QualityTools.Tips.UnitTest.Adapter, Version=10.0.0.0, Culture=neutral, PublicKeyToken=b03f5f7f11d50a3a" className="TestProject.DateTimeUtilityTest, TestProject, Version=1.0.0.0, Culture=neutral, PublicKeyToken=null" name="GetTimeFromSecondsTest" />
    </UnitTest>
  </TestDefinitions>
  <TestLists>
    <TestList name="Results Not in a List" id="8c84fa94-04c1-424b-9868-57a2d4851a1d" />
    <TestList name="All Loaded Results" id="19431567-8539-422a-85d7-44ee4e166bda" />
  </TestLists>
  <TestEntries>
    <TestEntry testId="50daf6a6-2866-3129-4567-2b8164ccbaae" executionId="3b4be00c-c33f-41b3-b3c5-4cb503527eef" testListId="8c84fa94-04c1-424b-9868-57a2d4851a1d" />
  </TestEntries>
  <Results>
    <UnitTestResult executionId="3b4be00c-c33f-41b3-b3c5-4cb503527eef" testId="50daf6a6-2866-3129-4567-2b8164ccbaae" testName="GetTimeFromSecondsTest" computerName="COEN01" duration="00:00:00.0169819" startTime="2012-08-29T18:53:44.9786391+02:00" endTime="2012-08-29T18:53:45.5090401+02:00" testType="13cdc9d9-ddb5-4fa4-a97d-d965ccfc6d4b" outcome="Passed" testListId="8c84fa94-04c1-424b-9868-57a2d4851a1d" relativeResultsDirectory="3b4be00c-c33f-41b3-b3c5-4cb503527eef">
    </UnitTestResult>
  </Results>
</TestRun>